<?xml version="1.0" encoding="UTF-8"?>
<!-- Generated by org.testng.reporters.JUnitXMLReporter -->
<testsuite ignored="4" hostname="Ramis-MacBook-Pro.local" failures="0" tests="6" name="Critical Functionalities" time="17.277" errors="0" timestamp="2022-06-11T14:52:47 CDT">
  <testcase classname="scripts._01_AppleTest" name="testAppleTitle" time="0.749"/>
  <testcase classname="scripts._02_TechGlobalTest" name="testApplicationFormHeading" time="1.014"/>
  <testcase classname="scripts._04_GoogleTest" name="testGoogleSearch" time="2.166"/>
  <testcase classname="scripts._03_EtsyTest" name="testEtsyLogo" time="1.668"/>
  <testcase classname="scripts._03_EtsyTest" name="testEtsySearch" time="1.78"/>
  <testcase classname="scripts._03_EtsyTest" name="testEtsySearchResult" time="3.252"/>
  <testcase classname="scripts._01_AppleTest" name="testAppleURL" time="0.0">
    <ignored/>
  </testcase> <!-- testAppleURL -->
  <testcase classname="scripts._04_GoogleTest" name="testGoogleStoreLink" time="0.0">
    <ignored/>
  </testcase> <!-- testGoogleStoreLink -->
  <testcase classname="scripts._01_AppleTest" name="X" time="0.0">
    <ignored/>
  </testcase> <!-- X -->
  <testcase classname="scripts._03_EtsyTest" name="testMainHeader" time="0.0">
    <ignored/>
  </testcase> <!-- testMainHeader -->
</testsuite> <!-- Critical Functionalities -->
