<?xml version="1.0" encoding="UTF-8"?>
<testng-results ignored="4" total="10" passed="6" failed="0" skipped="0">
  <reporter-output>
  </reporter-output>
  <suite started-at="2022-06-11T14:52:29 CDT" name="Smoke" finished-at="2022-06-11T14:52:47 CDT" duration-ms="17277">
    <groups>
    </groups>
    <test started-at="2022-06-11T14:52:29 CDT" name="Critical Functionalities" finished-at="2022-06-11T14:52:47 CDT" duration-ms="17277">
      <class name="scripts._03_EtsyTest">
        <test-method is-config="true" signature="setup()[pri:0, instance:scripts._03_EtsyTest@24b1d79b]" started-at="2022-06-11T14:52:37 CDT" name="setup" finished-at="2022-06-11T14:52:38 CDT" duration-ms="922" status="PASS">
          <reporter-output>
          </reporter-output>
        </test-method> <!-- setup -->
        <test-method signature="testEtsyLogo()[pri:1, instance:scripts._03_EtsyTest@24b1d79b]" started-at="2022-06-11T14:52:38 CDT" name="testEtsyLogo" finished-at="2022-06-11T14:52:39 CDT" duration-ms="1668" status="PASS">
          <reporter-output>
          </reporter-output>
        </test-method> <!-- testEtsyLogo -->
        <test-method is-config="true" signature="teardown()[pri:0, instance:scripts._03_EtsyTest@24b1d79b]" started-at="2022-06-11T14:52:39 CDT" name="teardown" finished-at="2022-06-11T14:52:40 CDT" duration-ms="113" status="PASS">
          <reporter-output>
          </reporter-output>
        </test-method> <!-- teardown -->
        <test-method is-config="true" signature="setup()[pri:0, instance:scripts._03_EtsyTest@24b1d79b]" started-at="2022-06-11T14:52:40 CDT" name="setup" finished-at="2022-06-11T14:52:41 CDT" duration-ms="941" status="PASS">
          <reporter-output>
          </reporter-output>
        </test-method> <!-- setup -->
        <test-method signature="testEtsySearch()[pri:3, instance:scripts._03_EtsyTest@24b1d79b]" started-at="2022-06-11T14:52:41 CDT" name="testEtsySearch" finished-at="2022-06-11T14:52:42 CDT" duration-ms="1780" status="PASS">
          <reporter-output>
          </reporter-output>
        </test-method> <!-- testEtsySearch -->
        <test-method is-config="true" signature="teardown()[pri:0, instance:scripts._03_EtsyTest@24b1d79b]" started-at="2022-06-11T14:52:42 CDT" name="teardown" finished-at="2022-06-11T14:52:42 CDT" duration-ms="103" status="PASS">
          <reporter-output>
          </reporter-output>
        </test-method> <!-- teardown -->
        <test-method is-config="true" signature="setup()[pri:0, instance:scripts._03_EtsyTest@24b1d79b]" started-at="2022-06-11T14:52:42 CDT" name="setup" finished-at="2022-06-11T14:52:43 CDT" duration-ms="946" status="PASS">
          <reporter-output>
          </reporter-output>
        </test-method> <!-- setup -->
        <test-method signature="testEtsySearchResult()[pri:2, instance:scripts._03_EtsyTest@24b1d79b]" started-at="2022-06-11T14:52:43 CDT" name="testEtsySearchResult" finished-at="2022-06-11T14:52:47 CDT" depends-on-methods="scripts._03_EtsyTest.testEtsySearch" duration-ms="3252" status="PASS">
          <reporter-output>
          </reporter-output>
        </test-method> <!-- testEtsySearchResult -->
        <test-method is-config="true" signature="teardown()[pri:0, instance:scripts._03_EtsyTest@24b1d79b]" started-at="2022-06-11T14:52:47 CDT" name="teardown" finished-at="2022-06-11T14:52:47 CDT" duration-ms="117" status="PASS">
          <reporter-output>
          </reporter-output>
        </test-method> <!-- teardown -->
      </class> <!-- scripts._03_EtsyTest -->
      <class name="scripts._02_TechGlobalTest">
        <test-method is-config="true" signature="setup()[pri:0, instance:scripts._02_TechGlobalTest@52525845]" started-at="2022-06-11T14:52:32 CDT" name="setup" finished-at="2022-06-11T14:52:33 CDT" duration-ms="935" status="PASS">
          <reporter-output>
          </reporter-output>
        </test-method> <!-- setup -->
        <test-method signature="testApplicationFormHeading()[pri:0, instance:scripts._02_TechGlobalTest@52525845]" started-at="2022-06-11T14:52:33 CDT" name="testApplicationFormHeading" description="TC123: Validate Application form heading" finished-at="2022-06-11T14:52:34 CDT" duration-ms="1014" status="PASS">
          <reporter-output>
          </reporter-output>
        </test-method> <!-- testApplicationFormHeading -->
        <test-method is-config="true" signature="teardown()[pri:0, instance:scripts._02_TechGlobalTest@52525845]" started-at="2022-06-11T14:52:34 CDT" name="teardown" finished-at="2022-06-11T14:52:34 CDT" duration-ms="89" status="PASS">
          <reporter-output>
          </reporter-output>
        </test-method> <!-- teardown -->
      </class> <!-- scripts._02_TechGlobalTest -->
      <class name="scripts._01_AppleTest">
        <test-method is-config="true" signature="setup()[pri:0, instance:scripts._01_AppleTest@5123a213]" started-at="2022-06-11T14:52:29 CDT" name="setup" finished-at="2022-06-11T14:52:31 CDT" duration-ms="1336" status="PASS">
          <reporter-output>
          </reporter-output>
        </test-method> <!-- setup -->
        <test-method signature="testAppleTitle()[pri:1, instance:scripts._01_AppleTest@5123a213]" started-at="2022-06-11T14:52:31 CDT" name="testAppleTitle" description="TC345" finished-at="2022-06-11T14:52:32 CDT" duration-ms="749" status="PASS">
          <reporter-output>
          </reporter-output>
        </test-method> <!-- testAppleTitle -->
        <test-method is-config="true" signature="teardown()[pri:0, instance:scripts._01_AppleTest@5123a213]" started-at="2022-06-11T14:52:32 CDT" name="teardown" finished-at="2022-06-11T14:52:32 CDT" duration-ms="122" status="PASS">
          <reporter-output>
          </reporter-output>
        </test-method> <!-- teardown -->
      </class> <!-- scripts._01_AppleTest -->
      <class name="scripts._04_GoogleTest">
        <test-method is-config="true" signature="setup()[pri:0, instance:scripts._04_GoogleTest@3b94d659]" started-at="2022-06-11T14:52:34 CDT" name="setup" finished-at="2022-06-11T14:52:35 CDT" duration-ms="920" status="PASS">
          <reporter-output>
          </reporter-output>
        </test-method> <!-- setup -->
        <test-method signature="testGoogleSearch()[pri:1, instance:scripts._04_GoogleTest@3b94d659]" started-at="2022-06-11T14:52:35 CDT" name="testGoogleSearch" description="TC765: Validate Google search" finished-at="2022-06-11T14:52:37 CDT" duration-ms="2166" status="PASS">
          <reporter-output>
          </reporter-output>
        </test-method> <!-- testGoogleSearch -->
        <test-method is-config="true" signature="teardown()[pri:0, instance:scripts._04_GoogleTest@3b94d659]" started-at="2022-06-11T14:52:37 CDT" name="teardown" finished-at="2022-06-11T14:52:37 CDT" duration-ms="90" status="PASS">
          <reporter-output>
          </reporter-output>
        </test-method> <!-- teardown -->
      </class> <!-- scripts._04_GoogleTest -->
    </test> <!-- Critical Functionalities -->
  </suite> <!-- Smoke -->
</testng-results>
